  Texted Based Game EndProject.cpp
c:\users\jmarshall34828\documents\github\texted-based-game-endproject\texted based game endproject\texted based game endproject.cpp(123): warning C4566: character represented by universal-character-name '\u2554' cannot be represented in the current code page (1252)
c:\users\jmarshall34828\documents\github\texted-based-game-endproject\texted based game endproject\texted based game endproject.cpp(123): warning C4566: character represented by universal-character-name '\u2550' cannot be represented in the current code page (1252)
c:\users\jmarshall34828\documents\github\texted-based-game-endproject\texted based game endproject\texted based game endproject.cpp(123): warning C4566: character represented by universal-character-name '\u2557' cannot be represented in the current code page (1252)
c:\users\jmarshall34828\documents\github\texted-based-game-endproject\texted based game endproject\texted based game endproject.cpp(124): warning C4566: character represented by universal-character-name '\u2551' cannot be represented in the current code page (1252)
c:\users\jmarshall34828\documents\github\texted-based-game-endproject\texted based game endproject\texted based game endproject.cpp(125): warning C4566: character represented by universal-character-name '\u2551' cannot be represented in the current code page (1252)
c:\users\jmarshall34828\documents\github\texted-based-game-endproject\texted based game endproject\texted based game endproject.cpp(126): warning C4566: character represented by universal-character-name '\u2551' cannot be represented in the current code page (1252)
c:\users\jmarshall34828\documents\github\texted-based-game-endproject\texted based game endproject\texted based game endproject.cpp(127): warning C4566: character represented by universal-character-name '\u2551' cannot be represented in the current code page (1252)
c:\users\jmarshall34828\documents\github\texted-based-game-endproject\texted based game endproject\texted based game endproject.cpp(128): warning C4566: character represented by universal-character-name '\u2551' cannot be represented in the current code page (1252)
c:\users\jmarshall34828\documents\github\texted-based-game-endproject\texted based game endproject\texted based game endproject.cpp(129): warning C4566: character represented by universal-character-name '\u2551' cannot be represented in the current code page (1252)
c:\users\jmarshall34828\documents\github\texted-based-game-endproject\texted based game endproject\texted based game endproject.cpp(130): warning C4566: character represented by universal-character-name '\u2551' cannot be represented in the current code page (1252)
c:\users\jmarshall34828\documents\github\texted-based-game-endproject\texted based game endproject\texted based game endproject.cpp(131): warning C4566: character represented by universal-character-name '\u2551' cannot be represented in the current code page (1252)
c:\users\jmarshall34828\documents\github\texted-based-game-endproject\texted based game endproject\texted based game endproject.cpp(132): warning C4566: character represented by universal-character-name '\u255A' cannot be represented in the current code page (1252)
c:\users\jmarshall34828\documents\github\texted-based-game-endproject\texted based game endproject\texted based game endproject.cpp(132): warning C4566: character represented by universal-character-name '\u2550' cannot be represented in the current code page (1252)
c:\users\jmarshall34828\documents\github\texted-based-game-endproject\texted based game endproject\texted based game endproject.cpp(132): warning C4566: character represented by universal-character-name '\u255D' cannot be represented in the current code page (1252)
c:\users\jmarshall34828\documents\github\texted-based-game-endproject\texted based game endproject\texted based game endproject.cpp(371): warning C4244: 'argument': conversion from 'time_t' to 'unsigned int', possible loss of data
c:\users\jmarshall34828\documents\github\texted-based-game-endproject\texted based game endproject\texted based game endproject.cpp(394): warning C4244: 'argument': conversion from 'time_t' to 'unsigned int', possible loss of data
c:\users\jmarshall34828\documents\github\texted-based-game-endproject\texted based game endproject\texted based game endproject.cpp(392): warning C4101: 'hp': unreferenced local variable
  Texted Based Game EndProject.vcxproj -> C:\Users\jmarshall34828\Documents\GitHub\Texted-Based-Game-EndProject\Debug\Texted Based Game EndProject.exe
  Texted Based Game EndProject.vcxproj -> C:\Users\jmarshall34828\Documents\GitHub\Texted-Based-Game-EndProject\Debug\Texted Based Game EndProject.pdb (Full PDB)
